2022-9-29 8:21:50 [ACTION] = TRANSLATE agua.txt TO pt
2022-9-29 8:21:50 [ACTION] = ERROR Idioma italiano NO sorportado
2022-9-29 8:21:50 [ACTION] = TRANSLATE agua.txt TO fr
2022-9-29 8:21:50 [ACTION] = TRANSLATE agua.txt TO ru
2022-9-29 8:21:50 [ACTION] = TRANSLATE Notas_Python.txt TO korean
2022-9-29 8:21:50 [ACTION] = TRANSLATE Notas_Python.txt TO tk
2022-9-29 8:21:50 [ACTION] = ERROR Extencion invalida
2022-9-29 8:21:50 [ACTION] = TRANSLATE agua.txt TO en
2022-9-29 8:30:3 [ACTION] = ERROR module 'auth.sharepoint_credentials' has no attribute '__Username'
2022-9-29 8:32:13 [ACTION] = ERROR module 'auth.sharepoint_credentials' has no attribute '__Username'
2022-9-29 8:32:34 [ACTION] = ERROR module 'auth.sharepoint_credentials' has no attribute '__Username'
2022-9-29 8:33:11 [ACTION] = TRANSLATE agua.txt TO pt
2022-9-29 8:33:11 [ACTION] = ERROR Idioma italiano NO sorportado
2022-9-29 8:33:11 [ACTION] = TRANSLATE agua.txt TO fr
2022-9-29 8:33:11 [ACTION] = TRANSLATE agua.txt TO ru
2022-9-29 8:33:11 [ACTION] = TRANSLATE Notas_Python.txt TO korean
2022-9-29 8:33:11 [ACTION] = TRANSLATE Notas_Python.txt TO tk
2022-9-29 8:33:11 [ACTION] = ERROR Extencion invalida
2022-9-29 8:33:11 [ACTION] = TRANSLATE agua.txt TO en
2022-9-29 8:46:1 [ACTION] = TRANSLATE agua.txt TO pt
2022-9-29 8:46:1 [ACTION] = ERROR Idioma italiano NO sorportado
2022-9-29 8:46:1 [ACTION] = TRANSLATE agua.txt TO fr
2022-9-29 8:46:1 [ACTION] = TRANSLATE agua.txt TO ru
2022-9-29 8:46:1 [ACTION] = TRANSLATE Notas_Python.txt TO korean
2022-9-29 8:46:1 [ACTION] = TRANSLATE Notas_Python.txt TO tk
2022-9-29 8:46:1 [ACTION] = ERROR Extencion invalida
2022-9-29 8:46:1 [ACTION] = TRANSLATE agua.txt TO en
2022-9-29 8:57:44 [ACTION] = ERROR Error en traduccion
2022-9-29 9:1:23 [ACTION] = TRANSLATE agua.txt TO pt
2022-9-29 9:1:23 [ACTION] = TRANSLATE agua.txt TO fr
2022-9-29 9:1:23 [ACTION] = TRANSLATE agua.txt TO ru
2022-9-29 9:1:23 [ACTION] = TRANSLATE Notas_Python.txt TO korean
2022-9-29 9:1:23 [ACTION] = TRANSLATE Notas_Python.txt TO tk
2022-9-29 9:1:23 [ACTION] = TRANSLATE agua.txt TO en
2022-9-29 9:2:19 [ACTION] = TRANSLATE agua.txt TO pt
2022-9-29 9:2:19 [ACTION] = TRANSLATE agua.txt TO fr
2022-9-29 9:2:19 [ACTION] = TRANSLATE agua.txt TO ru
2022-9-29 9:2:19 [ACTION] = TRANSLATE Notas_Python.txt TO korean
2022-9-29 9:2:19 [ACTION] = TRANSLATE Notas_Python.txt TO tk
2022-9-29 9:2:19 [ACTION] = TRANSLATE agua.txt TO en
2022-9-29 9:10:36 [ACTION] = TRANSLATE agua.txt TO pt
2022-9-29 9:10:36 [ACTION] = ERROR Error en traduccion
2022-9-29 9:10:36 [ACTION] = TRANSLATE agua.txt TO fr
2022-9-29 9:10:36 [ACTION] = TRANSLATE agua.txt TO ru
2022-9-29 9:11:11 [ACTION] = TRANSLATE agua.txt TO pt
2022-9-29 9:11:11 [ACTION] = ERROR Error en traduccion
2022-9-29 9:11:11 [ACTION] = TRANSLATE agua.txt TO fr
2022-9-29 9:11:11 [ACTION] = TRANSLATE agua.txt TO ru
2022-9-29 9:11:11 [ACTION] = TRANSLATE Notas_Python.txt TO korean
2022-9-29 9:11:11 [ACTION] = TRANSLATE Notas_Python.txt TO tk
2022-9-29 9:11:11 [ACTION] = ERROR Error en traduccion
2022-9-29 9:11:11 [ACTION] = TRANSLATE agua.txt TO en
2022-9-29 9:15:21 [ACTION] = TRANSLATE agua.txt TO pt
2022-9-29 9:15:21 [ACTION] = ERROR Error en traduccion
2022-9-29 9:15:21 [ACTION] = TRANSLATE agua.txt TO fr
2022-9-29 9:15:21 [ACTION] = TRANSLATE agua.txt TO ru
2022-9-29 9:15:21 [ACTION] = TRANSLATE Notas_Python.txt TO korean
2022-9-29 9:15:21 [ACTION] = TRANSLATE Notas_Python.txt TO tk
2022-9-29 9:15:21 [ACTION] = ERROR Error en traduccion
2022-9-29 9:15:21 [ACTION] = TRANSLATE agua.txt TO en
2022-9-29 9:16:28 [ACTION] = TRANSLATE agua.txt TO pt
2022-9-29 9:16:28 [ACTION] = ERROR Error en traduccion
2022-9-29 9:16:59 [ACTION] = ERROR can only concatenate str (not "type") to str
2022-9-29 9:24:14 [ACTION] = ERROR string index out of range
2022-9-29 9:31:27 [ACTION] = TRANSLATE agua.txt TO pt
2022-9-29 9:31:27 [ACTION] = ERROR Error en traduccion
2022-9-29 9:31:27 [ACTION] = TRANSLATE agua.txt TO fr
2022-9-29 9:31:27 [ACTION] = TRANSLATE agua.txt TO ru
2022-9-29 9:31:27 [ACTION] = TRANSLATE Notas_Python.txt TO korean
2022-9-29 9:31:27 [ACTION] = TRANSLATE Notas_Python.txt TO tk
2022-9-29 9:31:27 [ACTION] = ERROR Error en traduccion
2022-9-29 9:31:27 [ACTION] = TRANSLATE agua.txt TO en
2022-9-29 9:34:27 [ACTION] = TRANSLATE agua.txt TO pt
2022-9-29 9:34:27 [ACTION] = ERROR Error en traduccion
2022-9-29 9:34:27 [ACTION] = TRANSLATE agua.txt TO fr
2022-9-29 9:34:27 [ACTION] = TRANSLATE agua.txt TO ru
2022-9-29 9:34:27 [ACTION] = TRANSLATE Notas_Python.txt TO korean
2022-9-29 9:34:27 [ACTION] = TRANSLATE Notas_Python.txt TO tk
2022-9-29 9:34:27 [ACTION] = ERROR Error en traduccion
2022-9-29 9:34:27 [ACTION] = TRANSLATE agua.txt TO en
2022-9-29 10:3:29 [ACTION] = TRANSLATE agua.txt TO pt
2022-9-29 10:3:29 [ACTION] = ERROR Error en traduccion
2022-9-29 10:3:29 [ACTION] = TRANSLATE agua.txt TO fr
2022-9-29 10:3:29 [ACTION] = TRANSLATE agua.txt TO ru
2022-9-29 10:3:29 [ACTION] = TRANSLATE Notas_Python.txt TO korean
2022-9-29 10:3:29 [ACTION] = TRANSLATE Notas_Python.txt TO tk
2022-9-29 10:3:29 [ACTION] = ERROR Error en traduccion
2022-9-29 10:3:29 [ACTION] = TRANSLATE agua.txt TO en
2022-9-29 10:3:29 [ACTION] = ERROR sendEmail() missing 1 required positional argument: 'text'
2022-9-29 10:14:15 [ACTION] = TRANSLATE agua.txt TO pt
2022-9-29 10:14:15 [ACTION] = ERROR sendTransactionEmail() missing 1 required positional argument: 'file_name'
2022-9-29 10:14:15 [ACTION] = ERROR sendEmail() missing 1 required positional argument: 'text'
2022-9-29 10:16:35 [ACTION] = TRANSLATE agua.txt TO pt
2022-9-29 10:16:35 [ACTION] = ERROR Error en traduccion
2022-9-29 10:16:35 [ACTION] = TRANSLATE agua.txt TO fr
2022-9-29 10:16:35 [ACTION] = TRANSLATE agua.txt TO ru
2022-9-29 10:16:35 [ACTION] = TRANSLATE Notas_Python.txt TO korean
2022-9-29 10:16:35 [ACTION] = TRANSLATE Notas_Python.txt TO tk
2022-9-29 10:16:35 [ACTION] = ERROR Error en traduccion
2022-9-29 10:16:35 [ACTION] = TRANSLATE agua.txt TO en
2022-9-29 10:16:35 [ACTION] = ERROR sendEmail() missing 1 required positional argument: 'text'
2022-9-29 10:23:29 [ACTION] = TRANSLATE agua.txt TO pt
2022-9-29 10:23:29 [ACTION] = ERROR Error en traduccion
2022-9-29 10:23:29 [ACTION] = TRANSLATE agua.txt TO fr
2022-9-29 10:23:29 [ACTION] = TRANSLATE agua.txt TO ru
2022-9-29 10:23:29 [ACTION] = TRANSLATE Notas_Python.txt TO korean
2022-9-29 10:23:29 [ACTION] = TRANSLATE Notas_Python.txt TO tk
2022-9-29 10:23:29 [ACTION] = ERROR Error en traduccion
2022-9-29 10:23:29 [ACTION] = TRANSLATE agua.txt TO en
2022-9-29 10:23:29 [ACTION] = ERROR sendEmail() missing 1 required positional argument: 'text'
2022-9-29 10:25:1 [ACTION] = TRANSLATE agua.txt TO pt
2022-9-29 10:25:1 [ACTION] = ERROR Error en traduccion
2022-9-29 10:25:1 [ACTION] = TRANSLATE agua.txt TO fr
2022-9-29 10:25:1 [ACTION] = TRANSLATE agua.txt TO ru
2022-9-29 10:25:1 [ACTION] = TRANSLATE Notas_Python.txt TO korean
2022-9-29 10:25:1 [ACTION] = TRANSLATE Notas_Python.txt TO tk
2022-9-29 10:25:1 [ACTION] = ERROR Error en traduccion
2022-9-29 10:25:1 [ACTION] = TRANSLATE agua.txt TO en
2022-9-29 10:25:1 [ACTION] = ERROR sendEmail() missing 1 required positional argument: 'text'
2022-9-29 10:32:10 [ACTION] = TRANSLATE agua.txt TO pt
2022-9-29 10:32:10 [ACTION] = ERROR Error en traduccion
2022-9-29 10:32:10 [ACTION] = TRANSLATE agua.txt TO fr
2022-9-29 10:32:10 [ACTION] = TRANSLATE agua.txt TO ru
2022-9-29 10:32:10 [ACTION] = TRANSLATE Notas_Python.txt TO korean
2022-9-29 10:32:10 [ACTION] = TRANSLATE Notas_Python.txt TO tk
2022-9-29 10:32:10 [ACTION] = ERROR Error en traduccion
2022-9-29 10:32:10 [ACTION] = TRANSLATE agua.txt TO en
2022-9-29 10:40:40 [ACTION] = TRANSLATE agua.txt TO pt
2022-9-29 10:40:40 [ACTION] = ERROR Error en traduccion
2022-9-29 10:40:40 [ACTION] = TRANSLATE agua.txt TO fr
2022-9-29 10:40:40 [ACTION] = TRANSLATE agua.txt TO ru
2022-9-29 10:40:40 [ACTION] = TRANSLATE Notas_Python.txt TO korean
2022-9-29 10:40:40 [ACTION] = TRANSLATE Notas_Python.txt TO tk
2022-9-29 10:40:40 [ACTION] = ERROR Error en traduccion
2022-9-29 10:40:40 [ACTION] = TRANSLATE agua.txt TO en
2022-9-29 15:12:9 [ACTION] = TRANSLATE agua.txt TO pt
2022-9-29 15:12:9 [ACTION] = ERROR Error en traduccion
2022-9-29 15:12:9 [ACTION] = TRANSLATE agua.txt TO fr
2022-9-29 15:12:9 [ACTION] = TRANSLATE agua.txt TO ru
2022-9-29 15:12:9 [ACTION] = TRANSLATE Notas_Python.txt TO korean
2022-9-29 15:12:9 [ACTION] = TRANSLATE Notas_Python.txt TO tk
2022-9-29 15:12:9 [ACTION] = ERROR Error en traduccion
2022-9-29 15:12:9 [ACTION] = TRANSLATE agua.txt TO en
2022-9-29 15:45:5 [ACTION] = TRANSLATE agua.txt TO pt
2022-9-29 15:45:5 [ACTION] = ERROR Error en traduccion
2022-9-29 15:45:5 [ACTION] = TRANSLATE agua.txt TO fr
2022-9-29 15:45:5 [ACTION] = TRANSLATE agua.txt TO ru
2022-9-29 15:45:5 [ACTION] = TRANSLATE Notas_Python.txt TO korean
2022-9-29 15:45:5 [ACTION] = TRANSLATE Notas_Python.txt TO tk
2022-9-29 15:45:5 [ACTION] = ERROR Error en traduccion
2022-9-29 15:45:5 [ACTION] = TRANSLATE agua.txt TO en
2022-9-29 16:14:32 [ACTION] = TRANSLATE agua.txt TO pt
2022-9-29 16:14:32 [ACTION] = ERROR Error en traduccion
2022-9-29 16:14:32 [ACTION] = TRANSLATE agua.txt TO fr
