2022-9-29 8:21:50 [ERROR] = Idioma italiano NO sorportado
2022-9-29 8:21:50 [ERROR] = Extencion invalida
2022-9-29 8:30:3 [ERROR] = module 'auth.sharepoint_credentials' has no attribute '__Username'
2022-9-29 8:32:13 [ERROR] = module 'auth.sharepoint_credentials' has no attribute '__Username'
2022-9-29 8:32:34 [ERROR] = module 'auth.sharepoint_credentials' has no attribute '__Username'
2022-9-29 8:33:11 [ERROR] = Idioma italiano NO sorportado
2022-9-29 8:33:11 [ERROR] = Extencion invalida
2022-9-29 8:46:1 [ERROR] = Idioma italiano NO sorportado
2022-9-29 8:46:1 [ERROR] = Extencion invalida
2022-9-29 8:57:44 [ERROR] = Error en traduccion
2022-9-29 9:10:36 [ERROR] = Error en traduccion
2022-9-29 9:11:11 [ERROR] = Error en traduccion
2022-9-29 9:11:11 [ERROR] = Error en traduccion
2022-9-29 9:15:21 [ERROR] = Error en traduccion
2022-9-29 9:15:21 [ERROR] = Error en traduccion
2022-9-29 9:16:28 [ERROR] = Error en traduccion
2022-9-29 9:16:59 [ERROR] = can only concatenate str (not "type") to str
2022-9-29 9:24:14 [ERROR] = string index out of range
2022-9-29 9:31:27 [ERROR] = Error en traduccion
2022-9-29 9:31:27 [ERROR] = Error en traduccion
2022-9-29 9:34:27 [ERROR] = Error en traduccion
2022-9-29 9:34:27 [ERROR] = Error en traduccion
2022-9-29 10:3:29 [ERROR] = Error en traduccion
2022-9-29 10:3:29 [ERROR] = Error en traduccion
2022-9-29 10:3:29 [ERROR] = sendEmail() missing 1 required positional argument: 'text'
2022-9-29 10:14:15 [ERROR] = sendTransactionEmail() missing 1 required positional argument: 'file_name'
2022-9-29 10:14:15 [ERROR] = sendEmail() missing 1 required positional argument: 'text'
2022-9-29 10:16:35 [ERROR] = Error en traduccion
2022-9-29 10:16:35 [ERROR] = Error en traduccion
2022-9-29 10:16:35 [ERROR] = sendEmail() missing 1 required positional argument: 'text'
2022-9-29 10:23:29 [ERROR] = Error en traduccion
2022-9-29 10:23:29 [ERROR] = Error en traduccion
2022-9-29 10:23:29 [ERROR] = sendEmail() missing 1 required positional argument: 'text'
2022-9-29 10:25:1 [ERROR] = Error en traduccion
2022-9-29 10:25:1 [ERROR] = Error en traduccion
2022-9-29 10:25:1 [ERROR] = sendEmail() missing 1 required positional argument: 'text'
2022-9-29 10:32:10 [ERROR] = Error en traduccion
2022-9-29 10:32:10 [ERROR] = Error en traduccion
2022-9-29 10:40:40 [ERROR] = Error en traduccion
2022-9-29 10:40:40 [ERROR] = Error en traduccion
2022-9-29 15:12:9 [ERROR] = Error en traduccion
2022-9-29 15:12:9 [ERROR] = Error en traduccion
2022-9-29 15:45:5 [ERROR] = Error en traduccion
2022-9-29 15:45:5 [ERROR] = Error en traduccion
2022-9-29 16:14:32 [ERROR] = Error en traduccion
