2022-9-28 13:30:9 [ACTION] = TRANSLATE agua.txt TO pt
2022-9-28 13:30:9 [ACTION] = ERROR Idioma no sorportado
2022-9-28 13:30:9 [ACTION] = TRANSLATE agua.txt TO fr
2022-9-28 13:30:9 [ACTION] = TRANSLATE ARREGLOS.txt TO ru
2022-9-28 13:30:9 [ACTION] = TRANSLATE Notas_Python.txt TO korean
2022-9-28 13:30:9 [ACTION] = TRANSLATE Notas_Python.txt TO tk
2022-9-28 13:31:39 [ACTION] = ERROR [WinError 183] No se puede crear un archivo que ya existe: 'c:\\Users\\dmercado\\OneDrive - GBM Corporacion\\Daniel Mercado\\HU-009\\HU-009 NO ASISTIDO\\bot\\log\\2022-9-28'
2022-9-28 13:33:31 [ACTION] = TRANSLATE agua.txt TO pt
2022-9-28 13:33:31 [ACTION] = ERROR Idioma no sorportado
2022-9-28 13:33:31 [ACTION] = TRANSLATE agua.txt TO fr
2022-9-28 13:33:31 [ACTION] = TRANSLATE ARREGLOS.txt TO ru
2022-9-28 13:33:31 [ACTION] = TRANSLATE Notas_Python.txt TO korean
2022-9-28 13:33:31 [ACTION] = TRANSLATE Notas_Python.txt TO tk
2022-9-28 13:36:41 [ACTION] = TRANSLATE agua.txt TO pt
2022-9-28 13:36:41 [ACTION] = ERROR italianoIdioma no sorportado
2022-9-28 13:36:41 [ACTION] = TRANSLATE agua.txt TO fr
2022-9-28 13:36:41 [ACTION] = TRANSLATE ARREGLOS.txt TO ru
2022-9-28 13:36:41 [ACTION] = TRANSLATE Notas_Python.txt TO korean
2022-9-28 13:36:41 [ACTION] = TRANSLATE Notas_Python.txt TO tk
2022-9-28 13:37:43 [ACTION] = TRANSLATE agua.txt TO pt
2022-9-28 13:37:43 [ACTION] = ERROR Idioma italiano no sorportado
2022-9-28 13:37:43 [ACTION] = TRANSLATE agua.txt TO fr
2022-9-28 13:37:43 [ACTION] = TRANSLATE ARREGLOS.txt TO ru
2022-9-28 13:37:43 [ACTION] = TRANSLATE Notas_Python.txt TO korean
2022-9-28 13:51:36 [ACTION] = ERROR Missing optional dependency 'openpyxl'.  Use pip or conda to install openpyxl.
2022-9-28 13:52:12 [ACTION] = TRANSLATE agua.txt TO pt
2022-9-28 13:52:12 [ACTION] = ERROR Idioma italiano no sorportado
2022-9-28 13:52:12 [ACTION] = TRANSLATE agua.txt TO fr
2022-9-28 13:52:12 [ACTION] = TRANSLATE ARREGLOS.txt TO ru
2022-9-28 13:52:12 [ACTION] = TRANSLATE Notas_Python.txt TO korean
2022-9-28 13:52:12 [ACTION] = TRANSLATE Notas_Python.txt TO tk
2022-9-28 13:58:17 [ACTION] = TRANSLATE agua.txt TO pt
2022-9-28 13:58:17 [ACTION] = ERROR Idioma italiano no sorportado
2022-9-28 13:58:17 [ACTION] = TRANSLATE agua.txt TO fr
2022-9-28 13:58:17 [ACTION] = TRANSLATE ARREGLOS.txt TO ru
2022-9-28 13:58:17 [ACTION] = TRANSLATE Notas_Python.txt TO korean
2022-9-28 13:58:17 [ACTION] = TRANSLATE Notas_Python.txt TO tk
2022-9-28 13:58:17 [ACTION] = ERROR expected str, bytes or os.PathLike object, not float
2022-9-28 14:2:12 [ACTION] = TRANSLATE agua.txt TO pt
2022-9-28 14:2:12 [ACTION] = ERROR Idioma italiano NO sorportado
2022-9-28 14:2:12 [ACTION] = TRANSLATE agua.txt TO fr
2022-9-28 14:2:12 [ACTION] = TRANSLATE ARREGLOS.txt TO ru
2022-9-28 14:2:12 [ACTION] = TRANSLATE Notas_Python.txt TO korean
2022-9-28 14:2:12 [ACTION] = TRANSLATE Notas_Python.txt TO tk
2022-9-28 14:2:12 [ACTION] = ERROR expected str, bytes or os.PathLike object, not float
2022-9-28 14:3:39 [ACTION] = TRANSLATE agua.txt TO pt
2022-9-28 14:3:39 [ACTION] = ERROR Idioma italiano NO sorportado
2022-9-28 14:3:39 [ACTION] = TRANSLATE agua.txt TO fr
2022-9-28 14:3:39 [ACTION] = TRANSLATE ARREGLOS.txt TO ru
2022-9-28 14:3:39 [ACTION] = TRANSLATE Notas_Python.txt TO korean
2022-9-28 14:3:39 [ACTION] = TRANSLATE Notas_Python.txt TO tk
2022-9-28 14:3:39 [ACTION] = ERROR expected str, bytes or os.PathLike object, not float
2022-9-28 14:4:47 [ACTION] = TRANSLATE agua.txt TO pt
2022-9-28 14:4:47 [ACTION] = ERROR Idioma italiano NO sorportado
2022-9-28 14:4:47 [ACTION] = TRANSLATE agua.txt TO fr
2022-9-28 14:4:47 [ACTION] = TRANSLATE ARREGLOS.txt TO ru
2022-9-28 14:4:47 [ACTION] = TRANSLATE Notas_Python.txt TO korean
2022-9-28 14:4:47 [ACTION] = TRANSLATE Notas_Python.txt TO tk
2022-9-28 14:4:47 [ACTION] = ERROR expected str, bytes or os.PathLike object, not float
2022-9-28 14:6:48 [ACTION] = ERROR can only concatenate str (not "type") to str
2022-9-28 14:7:58 [ACTION] = TRANSLATE agua.txt TO pt
2022-9-28 14:7:58 [ACTION] = ERROR Idioma italiano NO sorportado
2022-9-28 14:7:58 [ACTION] = TRANSLATE agua.txt TO fr
2022-9-28 14:7:58 [ACTION] = TRANSLATE ARREGLOS.txt TO ru
2022-9-28 14:7:58 [ACTION] = TRANSLATE Notas_Python.txt TO korean
2022-9-28 14:7:58 [ACTION] = TRANSLATE Notas_Python.txt TO tk
2022-9-28 14:7:58 [ACTION] = ERROR expected str, bytes or os.PathLike object, not float
2022-9-28 14:9:7 [ACTION] = TRANSLATE agua.txt TO pt
2022-9-28 14:9:7 [ACTION] = ERROR Idioma italiano NO sorportado
2022-9-28 14:9:7 [ACTION] = TRANSLATE agua.txt TO fr
2022-9-28 14:9:7 [ACTION] = TRANSLATE ARREGLOS.txt TO ru
2022-9-28 14:9:7 [ACTION] = TRANSLATE Notas_Python.txt TO korean
2022-9-28 14:9:7 [ACTION] = TRANSLATE Notas_Python.txt TO tk
2022-9-28 14:9:7 [ACTION] = ERROR expected str, bytes or os.PathLike object, not float
2022-9-28 14:11:9 [ACTION] = ERROR local variable 'row' referenced before assignment
2022-9-28 14:11:31 [ACTION] = TRANSLATE agua.txt TO pt
2022-9-28 14:11:31 [ACTION] = ERROR Idioma italiano NO sorportado
2022-9-28 14:11:31 [ACTION] = TRANSLATE agua.txt TO fr
2022-9-28 14:11:31 [ACTION] = TRANSLATE ARREGLOS.txt TO ru
2022-9-28 14:11:31 [ACTION] = TRANSLATE Notas_Python.txt TO korean
2022-9-28 14:11:31 [ACTION] = TRANSLATE Notas_Python.txt TO tk
2022-9-28 14:11:31 [ACTION] = ERROR expected str, bytes or os.PathLike object, not float
2022-9-28 14:11:56 [ACTION] = TRANSLATE agua.txt TO pt
2022-9-28 14:11:56 [ACTION] = ERROR Idioma italiano NO sorportado
2022-9-28 14:11:56 [ACTION] = TRANSLATE agua.txt TO fr
2022-9-28 14:11:56 [ACTION] = TRANSLATE ARREGLOS.txt TO ru
2022-9-28 14:11:56 [ACTION] = TRANSLATE Notas_Python.txt TO korean
2022-9-28 14:11:56 [ACTION] = TRANSLATE Notas_Python.txt TO tk
2022-9-28 14:11:56 [ACTION] = ERROR expected str, bytes or os.PathLike object, not float
2022-9-28 14:13:6 [ACTION] = TRANSLATE agua.txt TO pt
2022-9-28 14:13:6 [ACTION] = ERROR Idioma italiano NO sorportado
2022-9-28 14:13:6 [ACTION] = TRANSLATE agua.txt TO fr
2022-9-28 14:13:6 [ACTION] = TRANSLATE ARREGLOS.txt TO ru
2022-9-28 14:13:6 [ACTION] = TRANSLATE Notas_Python.txt TO korean
2022-9-28 14:13:6 [ACTION] = TRANSLATE Notas_Python.txt TO tk
2022-9-28 14:13:6 [ACTION] = ERROR expected str, bytes or os.PathLike object, not float
2022-9-28 14:30:57 [ACTION] = ERROR too many values to unpack (expected 2)
2022-9-28 14:32:45 [ACTION] = ERROR tuple indices must be integers or slices, not str
2022-9-28 14:33:20 [ACTION] = TRANSLATE agua.txt TO pt
2022-9-28 14:33:20 [ACTION] = ERROR Idioma italiano NO sorportado
2022-9-28 14:33:20 [ACTION] = TRANSLATE agua.txt TO fr
2022-9-28 14:33:20 [ACTION] = TRANSLATE ARREGLOS.txt TO ru
2022-9-28 14:33:20 [ACTION] = TRANSLATE Notas_Python.txt TO korean
2022-9-28 14:33:20 [ACTION] = TRANSLATE Notas_Python.txt TO tk
2022-9-28 14:33:20 [ACTION] = ERROR expected str, bytes or os.PathLike object, not float
2022-9-28 14:34:3 [ACTION] = TRANSLATE agua.txt TO pt
2022-9-28 14:34:3 [ACTION] = ERROR Idioma italiano NO sorportado
2022-9-28 14:34:3 [ACTION] = TRANSLATE agua.txt TO fr
2022-9-28 14:34:3 [ACTION] = TRANSLATE ARREGLOS.txt TO ru
2022-9-28 14:34:3 [ACTION] = TRANSLATE Notas_Python.txt TO korean
2022-9-28 14:34:3 [ACTION] = TRANSLATE Notas_Python.txt TO tk
2022-9-28 14:34:3 [ACTION] = ERROR expected str, bytes or os.PathLike object, not float
2022-9-28 14:38:28 [ACTION] = TRANSLATE agua.txt TO pt
2022-9-28 14:38:28 [ACTION] = ERROR name 'row' is not defined
2022-9-28 14:40:30 [ACTION] = ERROR local variable 'data' referenced before assignment
2022-9-28 14:41:11 [ACTION] = TRANSLATE agua.txt TO pt
2022-9-28 14:41:11 [ACTION] = ERROR name 'row' is not defined
2022-9-28 14:41:43 [ACTION] = TRANSLATE agua.txt TO pt
2022-9-28 14:41:43 [ACTION] = ERROR Idioma italiano NO sorportado
2022-9-28 14:41:43 [ACTION] = TRANSLATE agua.txt TO fr
2022-9-28 14:41:43 [ACTION] = TRANSLATE agua.txt TO ru
2022-9-28 14:41:43 [ACTION] = TRANSLATE Notas_Python.txt TO korean
2022-9-28 14:41:43 [ACTION] = TRANSLATE Notas_Python.txt TO tk
2022-9-28 14:41:43 [ACTION] = ERROR 'NoneType' object has no attribute 'group'
2022-9-28 14:43:47 [ACTION] = TRANSLATE agua.txt TO pt
2022-9-28 14:43:47 [ACTION] = ERROR Idioma italiano NO sorportado
2022-9-28 14:43:47 [ACTION] = TRANSLATE agua.txt TO fr
2022-9-28 14:43:47 [ACTION] = TRANSLATE agua.txt TO ru
2022-9-28 14:44:10 [ACTION] = TRANSLATE agua.txt TO pt
2022-9-28 14:44:10 [ACTION] = ERROR Idioma italiano NO sorportado
2022-9-28 14:44:10 [ACTION] = TRANSLATE agua.txt TO fr
2022-9-28 14:44:10 [ACTION] = TRANSLATE agua.txt TO ru
2022-9-28 14:44:10 [ACTION] = TRANSLATE Notas_Python.txt TO korean
2022-9-28 14:44:10 [ACTION] = TRANSLATE Notas_Python.txt TO tk
2022-9-28 14:44:10 [ACTION] = ERROR can only concatenate str (not "FileNotFoundError") to str
2022-9-28 14:45:39 [ACTION] = TRANSLATE agua.txt TO pt
2022-9-28 14:45:39 [ACTION] = ERROR Idioma italiano NO sorportado
2022-9-28 14:45:39 [ACTION] = TRANSLATE agua.txt TO fr
2022-9-28 14:45:39 [ACTION] = TRANSLATE agua.txt TO ru
2022-9-28 14:45:39 [ACTION] = TRANSLATE Notas_Python.txt TO korean
2022-9-28 14:45:39 [ACTION] = TRANSLATE Notas_Python.txt TO tk
2022-9-28 14:45:39 [ACTION] = ERROR Extencion de archivo no es .txt
2022-9-28 14:48:31 [ACTION] = ERROR 're.Match' object has no attribute 'endswith'
2022-9-28 14:49:29 [ACTION] = TRANSLATE agua.txt TO pt
2022-9-28 14:49:29 [ACTION] = ERROR Idioma italiano NO sorportado
2022-9-28 14:49:29 [ACTION] = TRANSLATE agua.txt TO fr
2022-9-28 14:49:29 [ACTION] = TRANSLATE agua.txt TO ru
2022-9-28 14:49:29 [ACTION] = TRANSLATE Notas_Python.txt TO korean
2022-9-28 14:49:53 [ACTION] = TRANSLATE agua.txt TO pt
2022-9-28 14:49:53 [ACTION] = ERROR Idioma italiano NO sorportado
2022-9-28 14:49:53 [ACTION] = TRANSLATE agua.txt TO fr
2022-9-28 14:50:36 [ACTION] = TRANSLATE agua.txt TO pt
2022-9-28 14:50:36 [ACTION] = ERROR Idioma italiano NO sorportado
2022-9-28 14:50:36 [ACTION] = TRANSLATE agua.txt TO fr
2022-9-28 14:50:36 [ACTION] = TRANSLATE agua.txt TO ru
2022-9-28 14:50:36 [ACTION] = TRANSLATE Notas_Python.txt TO korean
2022-9-28 14:50:36 [ACTION] = TRANSLATE Notas_Python.txt TO tk
2022-9-28 14:50:36 [ACTION] = ERROR 'NoneType' object has no attribute 'group'
2022-9-28 14:52:23 [ACTION] = TRANSLATE agua.txt TO pt
2022-9-28 14:52:23 [ACTION] = ERROR Idioma italiano NO sorportado
2022-9-28 14:52:23 [ACTION] = TRANSLATE agua.txt TO fr
2022-9-28 14:52:23 [ACTION] = TRANSLATE agua.txt TO ru
2022-9-28 14:52:23 [ACTION] = TRANSLATE Notas_Python.txt TO korean
2022-9-28 14:52:23 [ACTION] = TRANSLATE Notas_Python.txt TO tk
2022-9-28 14:52:23 [ACTION] = ERROR 'NoneType' object has no attribute 'group'
2022-9-28 14:54:45 [ACTION] = TRANSLATE agua.txt TO pt
2022-9-28 14:54:45 [ACTION] = ERROR Idioma italiano NO sorportado
2022-9-28 14:54:45 [ACTION] = TRANSLATE agua.txt TO fr
2022-9-28 14:54:45 [ACTION] = TRANSLATE agua.txt TO ru
2022-9-28 14:54:45 [ACTION] = TRANSLATE Notas_Python.txt TO korean
2022-9-28 14:54:45 [ACTION] = TRANSLATE Notas_Python.txt TO tk
2022-9-28 14:54:45 [ACTION] = ERROR Extencion invalida
2022-9-28 14:56:29 [ACTION] = TRANSLATE agua.txt TO pt
2022-9-28 14:56:29 [ACTION] = ERROR Idioma italiano NO sorportado
2022-9-28 14:56:29 [ACTION] = TRANSLATE agua.txt TO fr
2022-9-28 14:56:29 [ACTION] = TRANSLATE agua.txt TO ru
2022-9-28 14:56:29 [ACTION] = TRANSLATE Notas_Python.txt TO korean
2022-9-28 14:56:29 [ACTION] = TRANSLATE Notas_Python.txt TO tk
2022-9-28 14:56:29 [ACTION] = ERROR Extencion invalida
2022-9-28 15:1:54 [ACTION] = TRANSLATE agua.txt TO pt
2022-9-28 15:1:54 [ACTION] = ERROR Idioma italiano NO sorportado
2022-9-28 15:1:54 [ACTION] = TRANSLATE agua.txt TO fr
2022-9-28 15:1:54 [ACTION] = TRANSLATE agua.txt TO ru
2022-9-28 15:1:54 [ACTION] = TRANSLATE Notas_Python.txt TO korean
2022-9-28 15:1:54 [ACTION] = TRANSLATE Notas_Python.txt TO tk
2022-9-28 15:1:54 [ACTION] = ERROR Extencion invalida
2022-9-28 16:19:46 [ACTION] = TRANSLATE agua.txt TO pt
2022-9-28 16:19:46 [ACTION] = ERROR Idioma italiano NO sorportado
2022-9-28 16:19:46 [ACTION] = TRANSLATE agua.txt TO fr
2022-9-28 16:19:46 [ACTION] = TRANSLATE agua.txt TO ru
2022-9-28 16:19:46 [ACTION] = TRANSLATE Notas_Python.txt TO korean
2022-9-28 16:19:46 [ACTION] = TRANSLATE Notas_Python.txt TO tk
2022-9-28 16:19:46 [ACTION] = ERROR Extencion invalida
2022-9-28 16:20:58 [ACTION] = TRANSLATE agua.txt TO pt
2022-9-28 16:20:58 [ACTION] = ERROR Idioma italiano NO sorportado
2022-9-28 16:20:58 [ACTION] = TRANSLATE agua.txt TO fr
2022-9-28 16:20:58 [ACTION] = TRANSLATE agua.txt TO ru
2022-9-28 16:20:58 [ACTION] = TRANSLATE Notas_Python.txt TO korean
2022-9-28 16:20:58 [ACTION] = TRANSLATE Notas_Python.txt TO tk
2022-9-28 16:20:58 [ACTION] = TRANSLATE agua.txt TO italian
2022-9-28 16:23:39 [ACTION] = ERROR [Errno 13] Permission denied: 'C:\\Users\\dmercado\\OneDrive - GBM Corporacion\\Documents\\Test.xlsx'
2022-9-28 16:24:15 [ACTION] = TRANSLATE agua.txt TO pt
2022-9-28 16:24:15 [ACTION] = ERROR Idioma italiano NO sorportado
2022-9-28 16:24:15 [ACTION] = TRANSLATE agua.txt TO fr
2022-9-28 16:24:15 [ACTION] = TRANSLATE agua.txt TO ru
2022-9-28 16:24:15 [ACTION] = TRANSLATE Notas_Python.txt TO korean
2022-9-28 16:24:15 [ACTION] = TRANSLATE Notas_Python.txt TO tk
2022-9-28 16:24:15 [ACTION] = TRANSLATE agua.txt TO italian
2022-9-28 16:25:19 [ACTION] = TRANSLATE agua.txt TO pt
2022-9-28 16:25:19 [ACTION] = ERROR Idioma italiano NO sorportado
2022-9-28 16:25:19 [ACTION] = TRANSLATE agua.txt TO fr
2022-9-28 16:25:19 [ACTION] = TRANSLATE agua.txt TO ru
2022-9-28 16:25:19 [ACTION] = TRANSLATE Notas_Python.txt TO korean
2022-9-28 16:25:19 [ACTION] = TRANSLATE Notas_Python.txt TO tk
2022-9-28 16:25:19 [ACTION] = TRANSLATE agua.txt TO italian
2022-9-28 16:26:23 [ACTION] = TRANSLATE agua.txt TO pt
2022-9-28 16:26:23 [ACTION] = ERROR Idioma italiano NO sorportado
2022-9-28 16:26:23 [ACTION] = TRANSLATE agua.txt TO fr
2022-9-28 16:26:23 [ACTION] = TRANSLATE agua.txt TO ru
2022-9-28 16:26:23 [ACTION] = TRANSLATE Notas_Python.txt TO korean
2022-9-28 16:26:23 [ACTION] = TRANSLATE Notas_Python.txt TO tk
2022-9-28 16:26:23 [ACTION] = TRANSLATE agua.txt TO italian
2022-9-28 16:27:29 [ACTION] = TRANSLATE agua.txt TO pt
2022-9-28 16:27:29 [ACTION] = ERROR Idioma italiano NO sorportado
2022-9-28 16:27:29 [ACTION] = TRANSLATE agua.txt TO fr
2022-9-28 16:27:29 [ACTION] = TRANSLATE agua.txt TO ru
2022-9-28 16:27:29 [ACTION] = TRANSLATE Notas_Python.txt TO korean
2022-9-28 16:27:29 [ACTION] = TRANSLATE Notas_Python.txt TO tk
2022-9-28 16:27:29 [ACTION] = TRANSLATE agua.txt TO italian
2022-9-28 16:31:48 [ACTION] = TRANSLATE agua.txt TO pt
2022-9-28 16:31:48 [ACTION] = ERROR Idioma italiano NO sorportado
2022-9-28 16:31:48 [ACTION] = TRANSLATE agua.txt TO fr
2022-9-28 16:31:48 [ACTION] = TRANSLATE agua.txt TO ru
2022-9-28 16:31:48 [ACTION] = TRANSLATE Notas_Python.txt TO korean
2022-9-28 16:31:48 [ACTION] = TRANSLATE Notas_Python.txt TO tk
2022-9-28 16:31:48 [ACTION] = ERROR Extencion invalida
2022-9-28 16:31:48 [ACTION] = TRANSLATE agua.txt TO en
2022-9-28 16:42:11 [ACTION] = TRANSLATE agua.txt TO pt
2022-9-28 16:42:11 [ACTION] = ERROR Idioma italiano NO sorportado
2022-9-28 16:42:11 [ACTION] = TRANSLATE agua.txt TO fr
2022-9-28 16:42:11 [ACTION] = TRANSLATE agua.txt TO ru
2022-9-28 16:42:11 [ACTION] = TRANSLATE Notas_Python.txt TO korean
2022-9-28 16:42:11 [ACTION] = TRANSLATE Notas_Python.txt TO tk
2022-9-28 16:42:11 [ACTION] = ERROR Extencion invalida
2022-9-28 16:42:11 [ACTION] = TRANSLATE agua.txt TO en
2022-9-28 17:37:47 [ACTION] = TRANSLATE agua.txt TO pt
2022-9-28 17:37:47 [ACTION] = ERROR Idioma italiano NO sorportado
2022-9-28 17:37:47 [ACTION] = TRANSLATE agua.txt TO fr
2022-9-28 17:37:47 [ACTION] = TRANSLATE agua.txt TO ru
2022-9-28 17:37:47 [ACTION] = TRANSLATE Notas_Python.txt TO korean
2022-9-28 17:37:47 [ACTION] = TRANSLATE Notas_Python.txt TO tk
2022-9-28 17:37:47 [ACTION] = ERROR Extencion invalida
2022-9-28 17:37:47 [ACTION] = TRANSLATE agua.txt TO en
