2022-9-28 13:30:9 [ERROR] = Idioma no sorportado
2022-9-28 13:31:39 [ERROR] = [WinError 183] No se puede crear un archivo que ya existe: 'c:\\Users\\dmercado\\OneDrive - GBM Corporacion\\Daniel Mercado\\HU-009\\HU-009 NO ASISTIDO\\bot\\log\\2022-9-28'
2022-9-28 13:33:31 [ERROR] = Idioma no sorportado
2022-9-28 13:36:41 [ERROR] = italianoIdioma no sorportado
2022-9-28 13:37:43 [ERROR] = Idioma italiano no sorportado
2022-9-28 13:51:36 [ERROR] = Missing optional dependency 'openpyxl'.  Use pip or conda to install openpyxl.
2022-9-28 13:52:12 [ERROR] = Idioma italiano no sorportado
2022-9-28 13:58:17 [ERROR] = Idioma italiano no sorportado
2022-9-28 13:58:17 [ERROR] = expected str, bytes or os.PathLike object, not float
2022-9-28 14:2:12 [ERROR] = Idioma italiano NO sorportado
2022-9-28 14:2:12 [ERROR] = expected str, bytes or os.PathLike object, not float
2022-9-28 14:3:39 [ERROR] = Idioma italiano NO sorportado
2022-9-28 14:3:39 [ERROR] = expected str, bytes or os.PathLike object, not float
2022-9-28 14:4:47 [ERROR] = Idioma italiano NO sorportado
2022-9-28 14:4:47 [ERROR] = expected str, bytes or os.PathLike object, not float
2022-9-28 14:6:48 [ERROR] = can only concatenate str (not "type") to str
2022-9-28 14:7:58 [ERROR] = Idioma italiano NO sorportado
2022-9-28 14:7:58 [ERROR] = expected str, bytes or os.PathLike object, not float
2022-9-28 14:9:7 [ERROR] = Idioma italiano NO sorportado
2022-9-28 14:9:7 [ERROR] = expected str, bytes or os.PathLike object, not float
2022-9-28 14:11:9 [ERROR] = local variable 'row' referenced before assignment
2022-9-28 14:11:31 [ERROR] = Idioma italiano NO sorportado
2022-9-28 14:11:31 [ERROR] = expected str, bytes or os.PathLike object, not float
2022-9-28 14:11:56 [ERROR] = Idioma italiano NO sorportado
2022-9-28 14:11:56 [ERROR] = expected str, bytes or os.PathLike object, not float
2022-9-28 14:13:6 [ERROR] = Idioma italiano NO sorportado
2022-9-28 14:13:6 [ERROR] = expected str, bytes or os.PathLike object, not float
2022-9-28 14:30:57 [ERROR] = too many values to unpack (expected 2)
2022-9-28 14:32:45 [ERROR] = tuple indices must be integers or slices, not str
2022-9-28 14:33:20 [ERROR] = Idioma italiano NO sorportado
2022-9-28 14:33:20 [ERROR] = expected str, bytes or os.PathLike object, not float
2022-9-28 14:34:3 [ERROR] = Idioma italiano NO sorportado
2022-9-28 14:34:3 [ERROR] = expected str, bytes or os.PathLike object, not float
2022-9-28 14:38:28 [ERROR] = name 'row' is not defined
2022-9-28 14:40:30 [ERROR] = local variable 'data' referenced before assignment
2022-9-28 14:41:11 [ERROR] = name 'row' is not defined
2022-9-28 14:41:43 [ERROR] = Idioma italiano NO sorportado
2022-9-28 14:41:43 [ERROR] = 'NoneType' object has no attribute 'group'
2022-9-28 14:43:47 [ERROR] = Idioma italiano NO sorportado
2022-9-28 14:44:10 [ERROR] = Idioma italiano NO sorportado
2022-9-28 14:44:10 [ERROR] = can only concatenate str (not "FileNotFoundError") to str
2022-9-28 14:45:39 [ERROR] = Idioma italiano NO sorportado
2022-9-28 14:45:39 [ERROR] = Extencion de archivo no es .txt
2022-9-28 14:48:31 [ERROR] = 're.Match' object has no attribute 'endswith'
2022-9-28 14:49:29 [ERROR] = Idioma italiano NO sorportado
2022-9-28 14:49:53 [ERROR] = Idioma italiano NO sorportado
2022-9-28 14:50:36 [ERROR] = Idioma italiano NO sorportado
2022-9-28 14:50:36 [ERROR] = 'NoneType' object has no attribute 'group'
2022-9-28 14:52:23 [ERROR] = Idioma italiano NO sorportado
2022-9-28 14:52:23 [ERROR] = 'NoneType' object has no attribute 'group'
2022-9-28 14:54:45 [ERROR] = Idioma italiano NO sorportado
2022-9-28 14:54:45 [ERROR] = Extencion invalida
2022-9-28 14:56:29 [ERROR] = Idioma italiano NO sorportado
2022-9-28 14:56:29 [ERROR] = Extencion invalida
2022-9-28 15:1:54 [ERROR] = Idioma italiano NO sorportado
2022-9-28 15:1:54 [ERROR] = Extencion invalida
2022-9-28 16:19:46 [ERROR] = Idioma italiano NO sorportado
2022-9-28 16:19:46 [ERROR] = Extencion invalida
2022-9-28 16:20:58 [ERROR] = Idioma italiano NO sorportado
2022-9-28 16:23:39 [ERROR] = [Errno 13] Permission denied: 'C:\\Users\\dmercado\\OneDrive - GBM Corporacion\\Documents\\Test.xlsx'
2022-9-28 16:24:15 [ERROR] = Idioma italiano NO sorportado
2022-9-28 16:25:19 [ERROR] = Idioma italiano NO sorportado
2022-9-28 16:26:23 [ERROR] = Idioma italiano NO sorportado
2022-9-28 16:27:29 [ERROR] = Idioma italiano NO sorportado
2022-9-28 16:31:48 [ERROR] = Idioma italiano NO sorportado
2022-9-28 16:31:48 [ERROR] = Extencion invalida
2022-9-28 16:42:11 [ERROR] = Idioma italiano NO sorportado
2022-9-28 16:42:11 [ERROR] = Extencion invalida
2022-9-28 17:37:47 [ERROR] = Idioma italiano NO sorportado
2022-9-28 17:37:47 [ERROR] = Extencion invalida
