2022-9-30 10:42:23 [ACTION] = TRANSLATE agua.txt TO pt
2022-9-30 10:42:23 [ACTION] = ERROR Error en traduccion
2022-9-30 10:42:23 [ACTION] = TRANSLATE agua.txt TO fr
2022-9-30 10:42:23 [ACTION] = TRANSLATE agua.txt TO ru
2022-9-30 10:42:23 [ACTION] = TRANSLATE Notas_Python.txt TO korean
2022-9-30 10:42:23 [ACTION] = TRANSLATE Notas_Python.txt TO tk
2022-9-30 10:42:23 [ACTION] = ERROR Error en traduccion
2022-9-30 10:42:23 [ACTION] = TRANSLATE agua.txt TO en
2022-9-30 16:48:37 [ACTION] = TRANSLATE agua.txt TO pt
2022-9-30 16:53:46 [ACTION] = TRANSLATE agua.txt TO pt
2022-9-30 16:57:43 [ACTION] = TRANSLATE agua.txt TO pt
2022-9-30 17:9:29 [ACTION] = TRANSLATE agua.txt TO pt
2022-9-30 17:9:29 [ACTION] = ERROR Archivo no encontrado
2022-9-30 17:9:29 [ACTION] = TRANSLATE agua.txt TO fr
2022-9-30 17:9:29 [ACTION] = TRANSLATE agua.txt TO ru
2022-9-30 17:9:29 [ACTION] = TRANSLATE Notas_Python.txt TO korean
2022-9-30 17:9:29 [ACTION] = TRANSLATE Notas_Python.txt TO tk
2022-9-30 17:9:29 [ACTION] = ERROR Archivo no encontrado
2022-9-30 17:18:1 [ACTION] = TRANSLATE agua.txt TO pt
2022-9-30 17:21:17 [ACTION] = TRANSLATE agua.txt TO pt
2022-9-30 17:21:37 [ACTION] = TRANSLATE agua.txt TO pt
2022-9-30 17:22:41 [ACTION] = TRANSLATE agua.txt TO pt
2022-9-30 17:30:1 [ACTION] = TRANSLATE agua.txt TO pt
2022-9-30 17:30:1 [ACTION] = ERROR Error en traduccion
2022-9-30 17:30:1 [ACTION] = TRANSLATE agua.txt TO fr
2022-9-30 17:30:1 [ACTION] = TRANSLATE agua.txt TO ru
2022-9-30 17:30:1 [ACTION] = TRANSLATE Notas_Python.txt TO korean
2022-9-30 17:30:1 [ACTION] = TRANSLATE Notas_Python.txt TO tk
2022-9-30 17:30:1 [ACTION] = ERROR Error en traduccion
2022-9-30 17:34:39 [ACTION] = TRANSLATE agua.txt TO pt
