2022-10-3 8:18:47 [ACTION] = TRANSLATE agua.txt TO pt
2022-10-3 8:21:17 [ACTION] = TRANSLATE agua.txt TO pt
2022-10-3 8:21:17 [ACTION] = ERROR <Section: NotificationsMessages>
2022-10-3 8:21:17 [ACTION] = TRANSLATE agua.txt TO fr
2022-10-3 8:21:17 [ACTION] = TRANSLATE agua.txt TO ru
2022-10-3 8:21:17 [ACTION] = TRANSLATE Notas_Python.txt TO korean
2022-10-3 8:21:17 [ACTION] = TRANSLATE Notas_Python.txt TO tk
2022-10-3 8:21:17 [ACTION] = ERROR <Section: NotificationsMessages>
2022-10-3 8:24:39 [ACTION] = TRANSLATE agua.txt TO pt
2022-10-3 8:24:39 [ACTION] = ERROR Error en traduccion
2022-10-3 8:24:39 [ACTION] = TRANSLATE agua.txt TO fr
2022-10-3 8:24:39 [ACTION] = TRANSLATE agua.txt TO ru
2022-10-3 8:24:39 [ACTION] = TRANSLATE Notas_Python.txt TO korean
2022-10-3 8:24:39 [ACTION] = TRANSLATE Notas_Python.txt TO tk
2022-10-3 8:24:39 [ACTION] = ERROR Error en traduccion
2022-10-3 8:32:41 [ACTION] = ERROR Error en traduccion
2022-10-3 8:33:40 [ACTION] = ERROR Error en traduccion
2022-10-3 8:34:10 [ACTION] = ERROR Error en traduccion
2022-10-3 8:34:53 [ACTION] = ERROR Error en traduccion
2022-10-3 8:36:3 [ACTION] = ERROR Error en traduccion
2022-10-3 8:36:23 [ACTION] = ERROR Error en traduccion
2022-10-3 8:36:54 [ACTION] = ERROR Error en traduccion
2022-10-3 8:38:12 [ACTION] = TRANSLATE agua.txt TO pt
2022-10-3 8:38:12 [ACTION] = ERROR Error en traduccion
2022-10-3 8:38:12 [ACTION] = TRANSLATE agua.txt TO fr
2022-10-3 8:38:12 [ACTION] = TRANSLATE agua.txt TO ru
2022-10-3 8:38:12 [ACTION] = TRANSLATE Notas_Python.txt TO korean
2022-10-3 8:38:12 [ACTION] = TRANSLATE Notas_Python.txt TO tk
2022-10-3 8:38:12 [ACTION] = ERROR Error en traduccion
2022-10-3 8:39:12 [ACTION] = ERROR Error en traduccion
2022-10-3 9:21:46 [ACTION] = TRANSLATE agua.txt TO pt
2022-10-3 9:21:46 [ACTION] = TRANSLATE agua.txt TO fr
2022-10-3 9:21:46 [ACTION] = TRANSLATE Notas_Python.txt TO korean
2022-10-3 9:21:46 [ACTION] = TRANSLATE Notas_Python.txt TO tk
2022-10-3 9:21:46 [ACTION] = TRANSLATE agua.txt TO ru
2022-10-3 9:21:46 [ACTION] = TRANSLATE agua.txt TO en
2022-10-3 9:44:2 [ACTION] = ERROR Error en traduccion
2022-10-3 9:44:2 [ACTION] = ERROR Error en traduccion
2022-10-3 9:44:2 [ACTION] = ERROR Error en traduccion
2022-10-3 9:44:2 [ACTION] = ERROR Error en traduccion
2022-10-3 9:44:2 [ACTION] = TRANSLATE agua.txt TO pt
2022-10-3 9:44:2 [ACTION] = TRANSLATE agua.txt TO fr
2022-10-3 9:44:2 [ACTION] = TRANSLATE Notas_Python.txt TO korean
2022-10-3 9:44:2 [ACTION] = TRANSLATE Notas_Python.txt TO tk
2022-10-3 9:44:2 [ACTION] = TRANSLATE agua.txt TO ru
2022-10-3 9:44:2 [ACTION] = TRANSLATE agua.txt TO en
2022-10-3 9:48:27 [ACTION] = ERROR Error en traduccion
2022-10-3 9:48:27 [ACTION] = ERROR Error en traduccion
2022-10-3 9:48:27 [ACTION] = ERROR Error en traduccion
2022-10-3 9:48:27 [ACTION] = ERROR Error en traduccion
2022-10-3 9:48:27 [ACTION] = TRANSLATE agua.txt TO pt
2022-10-3 9:48:27 [ACTION] = TRANSLATE agua.txt TO fr
2022-10-3 9:48:27 [ACTION] = TRANSLATE Notas_Python.txt TO korean
2022-10-3 9:48:27 [ACTION] = TRANSLATE Notas_Python.txt TO tk
2022-10-3 9:48:27 [ACTION] = TRANSLATE agua.txt TO ru
2022-10-3 9:48:27 [ACTION] = TRANSLATE agua.txt TO en
2022-10-3 9:49:47 [ACTION] = ERROR Error en traduccion
2022-10-3 9:49:47 [ACTION] = ERROR Error en traduccion
2022-10-3 9:49:47 [ACTION] = ERROR Error en traduccion
2022-10-3 9:49:47 [ACTION] = ERROR Error en traduccion
2022-10-3 9:49:47 [ACTION] = TRANSLATE agua.txt TO pt
2022-10-3 9:49:47 [ACTION] = TRANSLATE agua.txt TO fr
2022-10-3 9:49:47 [ACTION] = TRANSLATE Notas_Python.txt TO korean
2022-10-3 9:49:47 [ACTION] = TRANSLATE Notas_Python.txt TO tk
2022-10-3 9:49:47 [ACTION] = TRANSLATE agua.txt TO ru
2022-10-3 9:49:47 [ACTION] = TRANSLATE agua.txt TO en
2022-10-3 9:52:29 [ACTION] = ERROR Error en traduccion
2022-10-3 9:52:29 [ACTION] = ERROR Error en traduccion
2022-10-3 9:52:29 [ACTION] = ERROR Error en traduccion
2022-10-3 9:52:29 [ACTION] = ERROR Error en traduccion
2022-10-3 9:52:29 [ACTION] = TRANSLATE agua.txt TO pt
2022-10-3 9:52:29 [ACTION] = TRANSLATE agua.txt TO fr
2022-10-3 9:52:29 [ACTION] = TRANSLATE Notas_Python.txt TO korean
2022-10-3 9:52:29 [ACTION] = TRANSLATE Notas_Python.txt TO tk
2022-10-3 9:52:29 [ACTION] = TRANSLATE agua.txt TO ru
2022-10-3 9:52:29 [ACTION] = TRANSLATE agua.txt TO en
2022-10-3 9:53:16 [ACTION] = ERROR Error en traduccion
2022-10-3 9:53:16 [ACTION] = ERROR Error en traduccion
2022-10-3 9:53:16 [ACTION] = ERROR Error en traduccion
2022-10-3 9:53:16 [ACTION] = ERROR Error en traduccion
2022-10-3 9:53:16 [ACTION] = TRANSLATE agua.txt TO pt
2022-10-3 9:53:16 [ACTION] = TRANSLATE agua.txt TO fr
2022-10-3 9:53:16 [ACTION] = TRANSLATE Notas_Python.txt TO korean
2022-10-3 9:53:16 [ACTION] = TRANSLATE Notas_Python.txt TO tk
2022-10-3 9:53:16 [ACTION] = TRANSLATE agua.txt TO ru
2022-10-3 9:53:16 [ACTION] = TRANSLATE agua.txt TO en
2022-10-3 9:57:55 [ACTION] = ERROR Error en traduccion
2022-10-3 9:57:55 [ACTION] = ERROR Error en traduccion
2022-10-3 9:57:55 [ACTION] = ERROR Error en traduccion
2022-10-3 9:57:55 [ACTION] = ERROR Error en traduccion
2022-10-3 9:57:55 [ACTION] = TRANSLATE agua.txt TO pt
2022-10-3 9:57:55 [ACTION] = TRANSLATE agua.txt TO fr
2022-10-3 9:57:55 [ACTION] = TRANSLATE Notas_Python.txt TO korean
2022-10-3 9:57:55 [ACTION] = TRANSLATE Notas_Python.txt TO tk
2022-10-3 9:57:55 [ACTION] = TRANSLATE agua.txt TO ru
2022-10-3 9:57:55 [ACTION] = TRANSLATE agua.txt TO en
2022-10-3 9:59:25 [ACTION] = ERROR Error en traduccion
2022-10-3 9:59:25 [ACTION] = ERROR Error en traduccion
2022-10-3 9:59:25 [ACTION] = ERROR Error en traduccion
2022-10-3 9:59:25 [ACTION] = ERROR Error en traduccion
2022-10-3 9:59:25 [ACTION] = TRANSLATE agua.txt TO pt
2022-10-3 9:59:25 [ACTION] = TRANSLATE agua.txt TO fr
2022-10-3 9:59:25 [ACTION] = TRANSLATE Notas_Python.txt TO korean
2022-10-3 9:59:25 [ACTION] = TRANSLATE Notas_Python.txt TO tk
2022-10-3 9:59:25 [ACTION] = TRANSLATE agua.txt TO ru
2022-10-3 9:59:25 [ACTION] = TRANSLATE agua.txt TO en
2022-10-3 10:2:59 [ACTION] = ERROR Error en traduccion
2022-10-3 10:2:59 [ACTION] = ERROR Error en traduccion
2022-10-3 10:2:59 [ACTION] = ERROR Error en traduccion
2022-10-3 10:2:59 [ACTION] = ERROR Error en traduccion
2022-10-3 10:2:59 [ACTION] = TRANSLATE agua.txt TO pt
2022-10-3 10:2:59 [ACTION] = TRANSLATE agua.txt TO fr
2022-10-3 10:2:59 [ACTION] = TRANSLATE Notas_Python.txt TO korean
2022-10-3 10:2:59 [ACTION] = TRANSLATE Notas_Python.txt TO tk
2022-10-3 10:2:59 [ACTION] = TRANSLATE agua.txt TO ru
2022-10-3 10:2:59 [ACTION] = TRANSLATE agua.txt TO en
2022-10-3 10:3:57 [ACTION] = ERROR Error en traduccion
2022-10-3 10:3:57 [ACTION] = ERROR Error en traduccion
2022-10-3 10:3:57 [ACTION] = ERROR Error en traduccion
2022-10-3 10:3:57 [ACTION] = ERROR Error en traduccion
2022-10-3 10:3:57 [ACTION] = TRANSLATE agua.txt TO pt
2022-10-3 10:3:57 [ACTION] = TRANSLATE agua.txt TO fr
2022-10-3 10:3:57 [ACTION] = TRANSLATE Notas_Python.txt TO korean
2022-10-3 10:3:57 [ACTION] = TRANSLATE Notas_Python.txt TO tk
2022-10-3 10:3:57 [ACTION] = TRANSLATE agua.txt TO ru
2022-10-3 10:3:57 [ACTION] = TRANSLATE agua.txt TO en
2022-10-3 10:5:50 [ACTION] = ERROR Error en traduccion
2022-10-3 10:5:50 [ACTION] = ERROR Error en traduccion
2022-10-3 10:5:50 [ACTION] = ERROR Error en traduccion
2022-10-3 10:5:50 [ACTION] = ERROR Error en traduccion
2022-10-3 10:5:50 [ACTION] = TRANSLATE agua.txt TO pt
2022-10-3 10:5:50 [ACTION] = TRANSLATE agua.txt TO fr
2022-10-3 10:5:50 [ACTION] = TRANSLATE Notas_Python.txt TO korean
2022-10-3 10:5:50 [ACTION] = TRANSLATE Notas_Python.txt TO tk
2022-10-3 10:5:50 [ACTION] = TRANSLATE agua.txt TO ru
2022-10-3 10:5:50 [ACTION] = TRANSLATE agua.txt TO en
2022-10-3 10:13:24 [ACTION] = ERROR Error en traduccion
2022-10-3 10:13:24 [ACTION] = ERROR Error en traduccion
2022-10-3 10:13:24 [ACTION] = ERROR Error en traduccion
2022-10-3 10:13:24 [ACTION] = ERROR Error en traduccion
2022-10-3 10:13:24 [ACTION] = TRANSLATE agua.txt TO pt
2022-10-3 10:13:24 [ACTION] = TRANSLATE agua.txt TO fr
2022-10-3 10:13:24 [ACTION] = TRANSLATE Notas_Python.txt TO korean
2022-10-3 10:13:24 [ACTION] = TRANSLATE Notas_Python.txt TO tk
2022-10-3 10:13:24 [ACTION] = TRANSLATE agua.txt TO ru
2022-10-3 10:13:24 [ACTION] = TRANSLATE agua.txt TO en
2022-10-3 10:14:39 [ACTION] = ERROR Error en traduccion
2022-10-3 10:14:39 [ACTION] = ERROR Error en traduccion
2022-10-3 10:14:39 [ACTION] = ERROR Error en traduccion
2022-10-3 10:14:39 [ACTION] = ERROR Error en traduccion
2022-10-3 10:14:39 [ACTION] = TRANSLATE agua.txt TO pt
2022-10-3 10:14:39 [ACTION] = TRANSLATE agua.txt TO fr
2022-10-3 10:14:39 [ACTION] = TRANSLATE Notas_Python.txt TO korean
2022-10-3 10:14:39 [ACTION] = TRANSLATE Notas_Python.txt TO tk
2022-10-3 10:14:39 [ACTION] = TRANSLATE agua.txt TO ru
2022-10-3 10:14:39 [ACTION] = TRANSLATE agua.txt TO en
2022-10-3 10:15:46 [ACTION] = ERROR Lenguaje no soportado
2022-10-3 10:15:46 [ACTION] = ERROR Lenguaje no soportado
2022-10-3 10:15:46 [ACTION] = ERROR Extension no permitida
2022-10-3 10:15:46 [ACTION] = ERROR Extension no permitida
2022-10-3 10:15:46 [ACTION] = TRANSLATE agua.txt TO pt
2022-10-3 10:15:46 [ACTION] = TRANSLATE agua.txt TO fr
2022-10-3 10:15:46 [ACTION] = TRANSLATE Notas_Python.txt TO korean
2022-10-3 10:15:46 [ACTION] = TRANSLATE Notas_Python.txt TO tk
2022-10-3 10:15:46 [ACTION] = TRANSLATE agua.txt TO ru
2022-10-3 10:15:46 [ACTION] = TRANSLATE agua.txt TO en
2022-10-3 10:16:50 [ACTION] = ERROR Lenguaje no soportado
2022-10-3 10:16:50 [ACTION] = ERROR Lenguaje no soportado
2022-10-3 10:16:50 [ACTION] = ERROR Extension no permitida
2022-10-3 10:16:50 [ACTION] = ERROR Extension no permitida
2022-10-3 10:16:50 [ACTION] = TRANSLATE agua.txt TO pt
2022-10-3 10:16:50 [ACTION] = TRANSLATE agua.txt TO fr
2022-10-3 10:16:50 [ACTION] = TRANSLATE Notas_Python.txt TO korean
2022-10-3 10:16:50 [ACTION] = TRANSLATE Notas_Python.txt TO tk
2022-10-3 10:16:50 [ACTION] = TRANSLATE agua.txt TO ru
2022-10-3 10:16:50 [ACTION] = TRANSLATE agua.txt TO en
